<?xml version="1.0" encoding="UTF-8"?>
<!-- Generated by org.testng.reporters.JUnitReportReporter -->
<testsuite hostname="ADITHYA01-PC" name="Trial1" tests="1" failures="0" timestamp="18 Jul 2016 09:04:28 GMT" time="0.014" errors="0">
  <testcase name="testAdd" time="0.014" classname="Trial1"/>
</testsuite> <!-- Trial1 -->
