<?xml version="1.0" encoding="UTF-8"?>
<!-- Generated by org.testng.reporters.JUnitReportReporter -->
<testsuite hostname="ADITHYA01-PC" name="com.testng.ex.FScript" tests="4" failures="0" timestamp="28 Jul 2016 13:21:44 GMT" time="1.017" errors="0">
  <testcase name="first" time="0.001" classname="com.testng.ex.FScript"/>
  <testcase name="third" time="0.009" classname="com.testng.ex.FScript"/>
  <testcase name="fourth" time="1.002" classname="com.testng.ex.FScript"/>
  <testcase name="fifth" time="0.005" classname="com.testng.ex.FScript"/>
</testsuite> <!-- com.testng.ex.FScript -->
